<?xml version="1.0" encoding="utf-8"?>
<EncryptedData xmlns="http://www.w3.org/2001/04/xmlenc#" Type="http://www.w3.org/2001/04/xmlenc#Element">
 <EncryptionMethod Algorithm="http://www.w3.org/2001/04/xmlenc#tripledes-cbc"/>
 <KeyInfo xmlns="http://www.w3.org/2000/09/xmldsig#">
  <EncryptedKey xmlns="http://www.w3.org/2001/04/xmlenc#">
   <EncryptionMethod Algorithm="http://www.w3.org/2001/04/xmlenc#rsa-1_5"/>
   <KeyInfo xmlns="http://www.w3.org/2000/09/xmldsig#">
    <KeyName/>
   </KeyInfo>
   <CipherData>
    <CipherValue>qgq5lEl/3QtJ2hMk0YfOmP8d+WhS6NDaSUFHYIUfu+j9svr54vdLbUc2tgXqhZuB
5vayz/vCHN6SRgQueJ8PXGXQ9MFXXHrEteWdHKyUG2JTSIZKjqkQioD41wjLwuT3
9l2uYgfLvMl+mJ+9/+D1dnWF+ifM8bPFa4B3eCenB48=</CipherValue>
   </CipherData>
  </EncryptedKey>
 </KeyInfo>
 <CipherData>
  <CipherValue>Et3JQCN1JDpBZe6YJATgUOkNnLLUAK736XmZSIC2Y/KfS7HS/yj/jc7hhZ8KFanm
HeGoy3PfiEMLe60JfWRqwjwlq1ettsh+MXccc14TiNgllOpXcZInlp0dfy8Ojuzj
WeYZ1faT61oPIY7Nj5wrYgY2wFEdSAz0cyLpmGVJKLZZIpeDd4Ujnft6MJ2n8euq
uo1sc6vOOUPfXRJ9H4NRXPQvETj3WEjbEQN0NNLcXwEiCxs3Vxc0kYUX6HcfR1mV
tF/WLxkM/p5PUyb2Wu0BRWO+yP6IWjs0dgIGdphNIQo=</CipherValue>
 </CipherData>
</EncryptedData>
